-- Found ament_cmake: 2.5.4 (/opt/ros/jazzy/share/ament_cmake/cmake)
-- Override CMake install command with custom implementation using symlinks instead of copying resources
-- Found ament_lint_auto: 0.17.3 (/opt/ros/jazzy/share/ament_lint_auto/cmake)
-- Configuring done (0.5s)
-- Generating done (0.0s)
-- Build files have been written to: /home/saosh/ros2_ws/build/simple_arm_description
-- Install configuration: ""
-- Execute custom install script
-- Up-to-date symlink: /home/saosh/ros2_ws/install/simple_arm_description/share/simple_arm_description/config/controllers.yaml
-- Up-to-date symlink: /home/saosh/ros2_ws/install/simple_arm_description/share/simple_arm_description/launch/display.launch.py
-- Up-to-date symlink: /home/saosh/ros2_ws/install/simple_arm_description/share/simple_arm_description/rviz/simple_arm.rviz
-- Up-to-date symlink: /home/saosh/ros2_ws/install/simple_arm_description/share/simple_arm_description/urdf/simple_arm.urdf
-- Up-to-date symlink: /home/saosh/ros2_ws/install/simple_arm_description/share/simple_arm_description/urdf/simple_arm_ros2_control.xacro
-- Up-to-date symlink: /home/saosh/ros2_ws/install/simple_arm_description/share/ament_index/resource_index/package_run_dependencies/simple_arm_description
-- Up-to-date symlink: /home/saosh/ros2_ws/install/simple_arm_description/share/ament_index/resource_index/parent_prefix_path/simple_arm_description
-- Up-to-date symlink: /home/saosh/ros2_ws/install/simple_arm_description/share/simple_arm_description/environment/ament_prefix_path.sh
-- Up-to-date symlink: /home/saosh/ros2_ws/install/simple_arm_description/share/simple_arm_description/environment/ament_prefix_path.dsv
-- Up-to-date symlink: /home/saosh/ros2_ws/install/simple_arm_description/share/simple_arm_description/environment/path.sh
-- Up-to-date symlink: /home/saosh/ros2_ws/install/simple_arm_description/share/simple_arm_description/environment/path.dsv
-- Up-to-date symlink: /home/saosh/ros2_ws/install/simple_arm_description/share/simple_arm_description/local_setup.bash
-- Up-to-date symlink: /home/saosh/ros2_ws/install/simple_arm_description/share/simple_arm_description/local_setup.sh
-- Up-to-date symlink: /home/saosh/ros2_ws/install/simple_arm_description/share/simple_arm_description/local_setup.zsh
-- Up-to-date symlink: /home/saosh/ros2_ws/install/simple_arm_description/share/simple_arm_description/local_setup.dsv
-- Symlinking: /home/saosh/ros2_ws/install/simple_arm_description/share/simple_arm_description/package.dsv
-- Up-to-date symlink: /home/saosh/ros2_ws/install/simple_arm_description/share/ament_index/resource_index/packages/simple_arm_description
-- Up-to-date symlink: /home/saosh/ros2_ws/install/simple_arm_description/share/simple_arm_description/cmake/simple_arm_descriptionConfig.cmake
-- Up-to-date symlink: /home/saosh/ros2_ws/install/simple_arm_description/share/simple_arm_description/cmake/simple_arm_descriptionConfig-version.cmake
-- Up-to-date symlink: /home/saosh/ros2_ws/install/simple_arm_description/share/simple_arm_description/package.xml
