[0.414s] Invoking command in '/home/saosh/ros2_ws/build/simple_arm_description': CMAKE_PREFIX_PATH=${CMAKE_PREFIX_PATH}:/home/saosh/ros2_ws/install/my_package:/mnt/c/Users/saosh/OneDrive - UW/Andy/ros2_ws/install/simple_arm_description:/opt/ros/jazzy DEBUGINFOD_URLS=https://debuginfod.ubuntu.com /usr/bin/cmake --build /home/saosh/ros2_ws/build/simple_arm_description -- -j22 -l22
[0.754s] Invoked command in '/home/saosh/ros2_ws/build/simple_arm_description' returned '0': CMAKE_PREFIX_PATH=${CMAKE_PREFIX_PATH}:/home/saosh/ros2_ws/install/my_package:/mnt/c/Users/saosh/OneDrive - UW/Andy/ros2_ws/install/simple_arm_description:/opt/ros/jazzy DEBUGINFOD_URLS=https://debuginfod.ubuntu.com /usr/bin/cmake --build /home/saosh/ros2_ws/build/simple_arm_description -- -j22 -l22
[0.781s] Invoking command in '/home/saosh/ros2_ws/build/simple_arm_description': CMAKE_PREFIX_PATH=${CMAKE_PREFIX_PATH}:/home/saosh/ros2_ws/install/my_package:/mnt/c/Users/saosh/OneDrive - UW/Andy/ros2_ws/install/simple_arm_description:/opt/ros/jazzy DEBUGINFOD_URLS=https://debuginfod.ubuntu.com /usr/bin/cmake --install /home/saosh/ros2_ws/build/simple_arm_description
[0.794s] -- Install configuration: ""
[0.798s] -- Execute custom install script
[0.800s] -- Up-to-date symlink: /home/saosh/ros2_ws/install/simple_arm_description/share/simple_arm_description/config/controllers.yaml
[0.802s] -- Up-to-date symlink: /home/saosh/ros2_ws/install/simple_arm_description/share/simple_arm_description/launch/display.launch.py
[0.805s] -- Up-to-date symlink: /home/saosh/ros2_ws/install/simple_arm_description/share/simple_arm_description/rviz/simple_arm.rviz
[0.805s] -- Up-to-date symlink: /home/saosh/ros2_ws/install/simple_arm_description/share/simple_arm_description/urdf/simple_arm.urdf
[0.806s] -- Up-to-date symlink: /home/saosh/ros2_ws/install/simple_arm_description/share/simple_arm_description/urdf/simple_arm_ros2_control.xacro
[0.806s] -- Up-to-date symlink: /home/saosh/ros2_ws/install/simple_arm_description/share/ament_index/resource_index/package_run_dependencies/simple_arm_description
[0.807s] -- Up-to-date symlink: /home/saosh/ros2_ws/install/simple_arm_description/share/ament_index/resource_index/parent_prefix_path/simple_arm_description
[0.808s] -- Up-to-date symlink: /home/saosh/ros2_ws/install/simple_arm_description/share/simple_arm_description/environment/ament_prefix_path.sh
[0.809s] -- Up-to-date symlink: /home/saosh/ros2_ws/install/simple_arm_description/share/simple_arm_description/environment/ament_prefix_path.dsv
[0.809s] -- Up-to-date symlink: /home/saosh/ros2_ws/install/simple_arm_description/share/simple_arm_description/environment/path.sh
[0.810s] -- Up-to-date symlink: /home/saosh/ros2_ws/install/simple_arm_description/share/simple_arm_description/environment/path.dsv
[0.811s] -- Up-to-date symlink: /home/saosh/ros2_ws/install/simple_arm_description/share/simple_arm_description/local_setup.bash
[0.812s] -- Up-to-date symlink: /home/saosh/ros2_ws/install/simple_arm_description/share/simple_arm_description/local_setup.sh
[0.813s] -- Up-to-date symlink: /home/saosh/ros2_ws/install/simple_arm_description/share/simple_arm_description/local_setup.zsh
[0.814s] -- Up-to-date symlink: /home/saosh/ros2_ws/install/simple_arm_description/share/simple_arm_description/local_setup.dsv
[0.814s] -- Symlinking: /home/saosh/ros2_ws/install/simple_arm_description/share/simple_arm_description/package.dsv
[0.833s] -- Up-to-date symlink: /home/saosh/ros2_ws/install/simple_arm_description/share/ament_index/resource_index/packages/simple_arm_description
[0.833s] -- Up-to-date symlink: /home/saosh/ros2_ws/install/simple_arm_description/share/simple_arm_description/cmake/simple_arm_descriptionConfig.cmake
[0.834s] -- Up-to-date symlink: /home/saosh/ros2_ws/install/simple_arm_description/share/simple_arm_description/cmake/simple_arm_descriptionConfig-version.cmake
[0.835s] -- Up-to-date symlink: /home/saosh/ros2_ws/install/simple_arm_description/share/simple_arm_description/package.xml
[0.838s] Invoked command in '/home/saosh/ros2_ws/build/simple_arm_description' returned '0': CMAKE_PREFIX_PATH=${CMAKE_PREFIX_PATH}:/home/saosh/ros2_ws/install/my_package:/mnt/c/Users/saosh/OneDrive - UW/Andy/ros2_ws/install/simple_arm_description:/opt/ros/jazzy DEBUGINFOD_URLS=https://debuginfod.ubuntu.com /usr/bin/cmake --install /home/saosh/ros2_ws/build/simple_arm_description
