[0.302s] Invoking command in '/home/saosh/ros2_ws/build/simple_arm_description': CMAKE_PREFIX_PATH=${CMAKE_PREFIX_PATH}:/home/saosh/ros2_ws/install/my_package:/mnt/c/Users/saosh/OneDrive - UW/Andy/ros2_ws/install/simple_arm_description:/opt/ros/jazzy DEBUGINFOD_URLS=https://debuginfod.ubuntu.com /usr/bin/cmake --build /home/saosh/ros2_ws/build/simple_arm_description -- -j22 -l22
[0.608s] Invoked command in '/home/saosh/ros2_ws/build/simple_arm_description' returned '0': CMAKE_PREFIX_PATH=${CMAKE_PREFIX_PATH}:/home/saosh/ros2_ws/install/my_package:/mnt/c/Users/saosh/OneDrive - UW/Andy/ros2_ws/install/simple_arm_description:/opt/ros/jazzy DEBUGINFOD_URLS=https://debuginfod.ubuntu.com /usr/bin/cmake --build /home/saosh/ros2_ws/build/simple_arm_description -- -j22 -l22
[0.636s] Invoking command in '/home/saosh/ros2_ws/build/simple_arm_description': CMAKE_PREFIX_PATH=${CMAKE_PREFIX_PATH}:/home/saosh/ros2_ws/install/my_package:/mnt/c/Users/saosh/OneDrive - UW/Andy/ros2_ws/install/simple_arm_description:/opt/ros/jazzy DEBUGINFOD_URLS=https://debuginfod.ubuntu.com /usr/bin/cmake --install /home/saosh/ros2_ws/build/simple_arm_description
[0.658s] -- Install configuration: ""
[0.659s] -- Execute custom install script
[0.665s] -- Up-to-date symlink: /home/saosh/ros2_ws/install/simple_arm_description/share/simple_arm_description/config/controllers.yaml
[0.666s] -- Up-to-date symlink: /home/saosh/ros2_ws/install/simple_arm_description/share/simple_arm_description/launch/display.launch.py
[0.667s] -- Up-to-date symlink: /home/saosh/ros2_ws/install/simple_arm_description/share/simple_arm_description/rviz/simple_arm.rviz
[0.667s] -- Up-to-date symlink: /home/saosh/ros2_ws/install/simple_arm_description/share/simple_arm_description/urdf/simple_arm.urdf
[0.669s] -- Up-to-date symlink: /home/saosh/ros2_ws/install/simple_arm_description/share/simple_arm_description/urdf/simple_arm_ros2_control.xacro
[0.669s] -- Up-to-date symlink: /home/saosh/ros2_ws/install/simple_arm_description/share/ament_index/resource_index/package_run_dependencies/simple_arm_description
[0.669s] -- Up-to-date symlink: /home/saosh/ros2_ws/install/simple_arm_description/share/ament_index/resource_index/parent_prefix_path/simple_arm_description
[0.670s] -- Up-to-date symlink: /home/saosh/ros2_ws/install/simple_arm_description/share/simple_arm_description/environment/ament_prefix_path.sh
[0.670s] -- Up-to-date symlink: /home/saosh/ros2_ws/install/simple_arm_description/share/simple_arm_description/environment/ament_prefix_path.dsv
[0.671s] -- Up-to-date symlink: /home/saosh/ros2_ws/install/simple_arm_description/share/simple_arm_description/environment/path.sh
[0.671s] -- Up-to-date symlink: /home/saosh/ros2_ws/install/simple_arm_description/share/simple_arm_description/environment/path.dsv
[0.672s] -- Up-to-date symlink: /home/saosh/ros2_ws/install/simple_arm_description/share/simple_arm_description/local_setup.bash
[0.672s] -- Up-to-date symlink: /home/saosh/ros2_ws/install/simple_arm_description/share/simple_arm_description/local_setup.sh
[0.673s] -- Up-to-date symlink: /home/saosh/ros2_ws/install/simple_arm_description/share/simple_arm_description/local_setup.zsh
[0.673s] -- Up-to-date symlink: /home/saosh/ros2_ws/install/simple_arm_description/share/simple_arm_description/local_setup.dsv
[0.674s] -- Symlinking: /home/saosh/ros2_ws/install/simple_arm_description/share/simple_arm_description/package.dsv
[0.691s] -- Up-to-date symlink: /home/saosh/ros2_ws/install/simple_arm_description/share/ament_index/resource_index/packages/simple_arm_description
[0.692s] -- Up-to-date symlink: /home/saosh/ros2_ws/install/simple_arm_description/share/simple_arm_description/cmake/simple_arm_descriptionConfig.cmake
[0.692s] -- Up-to-date symlink: /home/saosh/ros2_ws/install/simple_arm_description/share/simple_arm_description/cmake/simple_arm_descriptionConfig-version.cmake
[0.693s] -- Up-to-date symlink: /home/saosh/ros2_ws/install/simple_arm_description/share/simple_arm_description/package.xml
[0.696s] Invoked command in '/home/saosh/ros2_ws/build/simple_arm_description' returned '0': CMAKE_PREFIX_PATH=${CMAKE_PREFIX_PATH}:/home/saosh/ros2_ws/install/my_package:/mnt/c/Users/saosh/OneDrive - UW/Andy/ros2_ws/install/simple_arm_description:/opt/ros/jazzy DEBUGINFOD_URLS=https://debuginfod.ubuntu.com /usr/bin/cmake --install /home/saosh/ros2_ws/build/simple_arm_description
