[0.030s] Invoking command in '/home/saosh/ros2_ws/build/simple_arm_description': DEBUGINFOD_URLS=https://debuginfod.ubuntu.com /usr/bin/cmake --build /home/saosh/ros2_ws/build/simple_arm_description -- -j22 -l22
[0.237s] Invoked command in '/home/saosh/ros2_ws/build/simple_arm_description' returned '0': DEBUGINFOD_URLS=https://debuginfod.ubuntu.com /usr/bin/cmake --build /home/saosh/ros2_ws/build/simple_arm_description -- -j22 -l22
[0.257s] Invoking command in '/home/saosh/ros2_ws/build/simple_arm_description': DEBUGINFOD_URLS=https://debuginfod.ubuntu.com /usr/bin/cmake --install /home/saosh/ros2_ws/build/simple_arm_description
[0.269s] -- Install configuration: ""
[0.271s] -- Execute custom install script
[0.279s] -- Up-to-date symlink: /home/saosh/ros2_ws/install/simple_arm_description/share/simple_arm_description/config/controllers.yaml
[0.281s] -- Up-to-date symlink: /home/saosh/ros2_ws/install/simple_arm_description/share/simple_arm_description/launch/display.launch.py
[0.285s] -- Up-to-date symlink: /home/saosh/ros2_ws/install/simple_arm_description/share/simple_arm_description/rviz/simple_arm.rviz
[0.288s] -- Up-to-date symlink: /home/saosh/ros2_ws/install/simple_arm_description/share/simple_arm_description/urdf/simple_arm.urdf
[0.289s] -- Up-to-date symlink: /home/saosh/ros2_ws/install/simple_arm_description/share/simple_arm_description/urdf/simple_arm_ros2_control.xacro
[0.292s] -- Up-to-date symlink: /home/saosh/ros2_ws/install/simple_arm_description/share/ament_index/resource_index/package_run_dependencies/simple_arm_description
[0.293s] -- Up-to-date symlink: /home/saosh/ros2_ws/install/simple_arm_description/share/ament_index/resource_index/parent_prefix_path/simple_arm_description
[0.295s] -- Up-to-date symlink: /home/saosh/ros2_ws/install/simple_arm_description/share/simple_arm_description/environment/ament_prefix_path.sh
[0.296s] -- Up-to-date symlink: /home/saosh/ros2_ws/install/simple_arm_description/share/simple_arm_description/environment/ament_prefix_path.dsv
[0.297s] -- Up-to-date symlink: /home/saosh/ros2_ws/install/simple_arm_description/share/simple_arm_description/environment/path.sh
[0.298s] -- Up-to-date symlink: /home/saosh/ros2_ws/install/simple_arm_description/share/simple_arm_description/environment/path.dsv
[0.299s] -- Up-to-date symlink: /home/saosh/ros2_ws/install/simple_arm_description/share/simple_arm_description/local_setup.bash
[0.299s] -- Up-to-date symlink: /home/saosh/ros2_ws/install/simple_arm_description/share/simple_arm_description/local_setup.sh
[0.300s] -- Up-to-date symlink: /home/saosh/ros2_ws/install/simple_arm_description/share/simple_arm_description/local_setup.zsh
[0.301s] -- Up-to-date symlink: /home/saosh/ros2_ws/install/simple_arm_description/share/simple_arm_description/local_setup.dsv
[0.301s] -- Symlinking: /home/saosh/ros2_ws/install/simple_arm_description/share/simple_arm_description/package.dsv
[0.317s] -- Up-to-date symlink: /home/saosh/ros2_ws/install/simple_arm_description/share/ament_index/resource_index/packages/simple_arm_description
[0.318s] -- Up-to-date symlink: /home/saosh/ros2_ws/install/simple_arm_description/share/simple_arm_description/cmake/simple_arm_descriptionConfig.cmake
[0.319s] -- Up-to-date symlink: /home/saosh/ros2_ws/install/simple_arm_description/share/simple_arm_description/cmake/simple_arm_descriptionConfig-version.cmake
[0.319s] -- Up-to-date symlink: /home/saosh/ros2_ws/install/simple_arm_description/share/simple_arm_description/package.xml
[0.323s] Invoked command in '/home/saosh/ros2_ws/build/simple_arm_description' returned '0': DEBUGINFOD_URLS=https://debuginfod.ubuntu.com /usr/bin/cmake --install /home/saosh/ros2_ws/build/simple_arm_description
