-- The C compiler identification is GNU 13.3.0
-- The CXX compiler identification is GNU 13.3.0
-- Detecting C compiler ABI info
-- Detecting C compiler ABI info - done
-- Check for working C compiler: /usr/bin/cc - skipped
-- Detecting C compile features
-- Detecting C compile features - done
-- Detecting CXX compiler ABI info
-- Detecting CXX compiler ABI info - done
-- Check for working CXX compiler: /usr/bin/c++ - skipped
-- Detecting CXX compile features
-- Detecting CXX compile features - done
-- Found ament_cmake: 2.5.4 (/opt/ros/jazzy/share/ament_cmake/cmake)
-- Found Python3: /usr/bin/python3 (found version "3.12.3") found components: Interpreter 
-- Override CMake install command with custom implementation using symlinks instead of copying resources
-- Found ament_lint_auto: 0.17.3 (/opt/ros/jazzy/share/ament_lint_auto/cmake)
-- Configuring done (17.2s)
-- Generating done (0.0s)
-- Build files have been written to: /home/saosh/ros2_ws/build/simple_arm_description
-- Install configuration: ""
-- Execute custom install script
-- Symlinking: /home/saosh/ros2_ws/install/simple_arm_description/share/simple_arm_description/config/controllers.yaml
-- Symlinking: /home/saosh/ros2_ws/install/simple_arm_description/share/simple_arm_description/launch/display.launch.py
-- Symlinking: /home/saosh/ros2_ws/install/simple_arm_description/share/simple_arm_description/rviz/simple_arm.rviz
-- Symlinking: /home/saosh/ros2_ws/install/simple_arm_description/share/simple_arm_description/urdf/simple_arm.urdf
-- Symlinking: /home/saosh/ros2_ws/install/simple_arm_description/share/simple_arm_description/urdf/simple_arm_ros2_control.xacro
-- Symlinking: /home/saosh/ros2_ws/install/simple_arm_description/share/ament_index/resource_index/package_run_dependencies/simple_arm_description
-- Symlinking: /home/saosh/ros2_ws/install/simple_arm_description/share/ament_index/resource_index/parent_prefix_path/simple_arm_description
-- Symlinking: /home/saosh/ros2_ws/install/simple_arm_description/share/simple_arm_description/environment/ament_prefix_path.sh
-- Symlinking: /home/saosh/ros2_ws/install/simple_arm_description/share/simple_arm_description/environment/ament_prefix_path.dsv
-- Symlinking: /home/saosh/ros2_ws/install/simple_arm_description/share/simple_arm_description/environment/path.sh
-- Symlinking: /home/saosh/ros2_ws/install/simple_arm_description/share/simple_arm_description/environment/path.dsv
-- Symlinking: /home/saosh/ros2_ws/install/simple_arm_description/share/simple_arm_description/local_setup.bash
-- Symlinking: /home/saosh/ros2_ws/install/simple_arm_description/share/simple_arm_description/local_setup.sh
-- Symlinking: /home/saosh/ros2_ws/install/simple_arm_description/share/simple_arm_description/local_setup.zsh
-- Symlinking: /home/saosh/ros2_ws/install/simple_arm_description/share/simple_arm_description/local_setup.dsv
-- Symlinking: /home/saosh/ros2_ws/install/simple_arm_description/share/simple_arm_description/package.dsv
-- Symlinking: /home/saosh/ros2_ws/install/simple_arm_description/share/ament_index/resource_index/packages/simple_arm_description
-- Symlinking: /home/saosh/ros2_ws/install/simple_arm_description/share/simple_arm_description/cmake/simple_arm_descriptionConfig.cmake
-- Symlinking: /home/saosh/ros2_ws/install/simple_arm_description/share/simple_arm_description/cmake/simple_arm_descriptionConfig-version.cmake
-- Symlinking: /home/saosh/ros2_ws/install/simple_arm_description/share/simple_arm_description/package.xml
