[0.905s] DEBUG:colcon:Command line arguments: ['/usr/bin/colcon', 'build', '--symlink-install']
[0.905s] DEBUG:colcon:Parsed command line arguments: Namespace(log_base=None, log_level=None, verb_name='build', build_base='build', install_base='install', merge_install=False, symlink_install=True, test_result_base=None, continue_on_error=False, executor='parallel', parallel_workers=22, event_handlers=None, ignore_user_meta=False, metas=['./colcon.meta'], base_paths=['.'], packages_ignore=None, packages_ignore_regex=None, paths=None, packages_up_to=None, packages_up_to_regex=None, packages_above=None, packages_above_and_dependencies=None, packages_above_depth=None, packages_select_by_dep=None, packages_skip_by_dep=None, packages_skip_up_to=None, packages_select_build_failed=False, packages_skip_build_finished=False, packages_select_test_failures=False, packages_skip_test_passed=False, packages_select=None, packages_skip=None, packages_select_regex=None, packages_skip_regex=None, packages_start=None, packages_end=None, allow_overriding=[], cmake_args=None, cmake_target=None, cmake_target_skip_unavailable=False, cmake_clean_cache=False, cmake_clean_first=False, cmake_force_configure=False, ament_cmake_args=None, catkin_cmake_args=None, catkin_skip_building_tests=False, mixin_files=None, mixin=None, verb_parser=<colcon_mixin.mixin.mixin_argument.MixinArgumentDecorator object at 0x775d727767e0>, verb_extension=<colcon_core.verb.build.BuildVerb object at 0x775d72775b50>, main=<bound method BuildVerb.main of <colcon_core.verb.build.BuildVerb object at 0x775d72775b50>>, mixin_verb=('build',))
[1.058s] Level 1:colcon.colcon_core.package_discovery:discover_packages(colcon_meta) check parameters
[1.059s] Level 1:colcon.colcon_core.package_discovery:discover_packages(recursive) check parameters
[1.059s] Level 1:colcon.colcon_core.package_discovery:discover_packages(ignore) check parameters
[1.059s] Level 1:colcon.colcon_core.package_discovery:discover_packages(path) check parameters
[1.059s] Level 1:colcon.colcon_core.package_discovery:discover_packages(colcon_meta) discover
[1.059s] Level 1:colcon.colcon_core.package_discovery:discover_packages(recursive) discover
[1.059s] INFO:colcon.colcon_core.package_discovery:Crawling recursively for packages in '/home/saosh/ros2_ws'
[1.059s] Level 1:colcon.colcon_core.package_identification:_identify(.) by extensions ['ignore', 'ignore_ament_install']
[1.060s] Level 1:colcon.colcon_core.package_identification:_identify(.) by extension 'ignore'
[1.060s] Level 1:colcon.colcon_core.package_identification:_identify(.) by extension 'ignore_ament_install'
[1.060s] Level 1:colcon.colcon_core.package_identification:_identify(.) by extensions ['colcon_pkg']
[1.060s] Level 1:colcon.colcon_core.package_identification:_identify(.) by extension 'colcon_pkg'
[1.060s] Level 1:colcon.colcon_core.package_identification:_identify(.) by extensions ['colcon_meta']
[1.060s] Level 1:colcon.colcon_core.package_identification:_identify(.) by extension 'colcon_meta'
[1.060s] Level 1:colcon.colcon_core.package_identification:_identify(.) by extensions ['ros']
[1.060s] Level 1:colcon.colcon_core.package_identification:_identify(.) by extension 'ros'
[1.120s] Level 1:colcon.colcon_core.package_identification:_identify(.) by extensions ['cmake', 'python']
[1.120s] Level 1:colcon.colcon_core.package_identification:_identify(.) by extension 'cmake'
[1.120s] Level 1:colcon.colcon_core.package_identification:_identify(.) by extension 'python'
[1.120s] Level 1:colcon.colcon_core.package_identification:_identify(.) by extensions ['python_setup_py']
[1.120s] Level 1:colcon.colcon_core.package_identification:_identify(.) by extension 'python_setup_py'
[1.121s] Level 1:colcon.colcon_core.package_identification:_identify(build) by extensions ['ignore', 'ignore_ament_install']
[1.121s] Level 1:colcon.colcon_core.package_identification:_identify(build) by extension 'ignore'
[1.121s] Level 1:colcon.colcon_core.package_identification:_identify(build) ignored
[1.121s] Level 1:colcon.colcon_core.package_identification:_identify(install) by extensions ['ignore', 'ignore_ament_install']
[1.121s] Level 1:colcon.colcon_core.package_identification:_identify(install) by extension 'ignore'
[1.121s] Level 1:colcon.colcon_core.package_identification:_identify(install) ignored
[1.121s] Level 1:colcon.colcon_core.package_identification:_identify(log) by extensions ['ignore', 'ignore_ament_install']
[1.122s] Level 1:colcon.colcon_core.package_identification:_identify(log) by extension 'ignore'
[1.122s] Level 1:colcon.colcon_core.package_identification:_identify(log) ignored
[1.122s] Level 1:colcon.colcon_core.package_identification:_identify(src) by extensions ['ignore', 'ignore_ament_install']
[1.122s] Level 1:colcon.colcon_core.package_identification:_identify(src) by extension 'ignore'
[1.122s] Level 1:colcon.colcon_core.package_identification:_identify(src) by extension 'ignore_ament_install'
[1.122s] Level 1:colcon.colcon_core.package_identification:_identify(src) by extensions ['colcon_pkg']
[1.122s] Level 1:colcon.colcon_core.package_identification:_identify(src) by extension 'colcon_pkg'
[1.122s] Level 1:colcon.colcon_core.package_identification:_identify(src) by extensions ['colcon_meta']
[1.122s] Level 1:colcon.colcon_core.package_identification:_identify(src) by extension 'colcon_meta'
[1.122s] Level 1:colcon.colcon_core.package_identification:_identify(src) by extensions ['ros']
[1.122s] Level 1:colcon.colcon_core.package_identification:_identify(src) by extension 'ros'
[1.122s] Level 1:colcon.colcon_core.package_identification:_identify(src) by extensions ['cmake', 'python']
[1.122s] Level 1:colcon.colcon_core.package_identification:_identify(src) by extension 'cmake'
[1.122s] Level 1:colcon.colcon_core.package_identification:_identify(src) by extension 'python'
[1.123s] Level 1:colcon.colcon_core.package_identification:_identify(src) by extensions ['python_setup_py']
[1.123s] Level 1:colcon.colcon_core.package_identification:_identify(src) by extension 'python_setup_py'
[1.123s] Level 1:colcon.colcon_core.package_identification:_identify(src/simple_arm_description) by extensions ['ignore', 'ignore_ament_install']
[1.123s] Level 1:colcon.colcon_core.package_identification:_identify(src/simple_arm_description) by extension 'ignore'
[1.123s] Level 1:colcon.colcon_core.package_identification:_identify(src/simple_arm_description) by extension 'ignore_ament_install'
[1.123s] Level 1:colcon.colcon_core.package_identification:_identify(src/simple_arm_description) by extensions ['colcon_pkg']
[1.123s] Level 1:colcon.colcon_core.package_identification:_identify(src/simple_arm_description) by extension 'colcon_pkg'
[1.123s] Level 1:colcon.colcon_core.package_identification:_identify(src/simple_arm_description) by extensions ['colcon_meta']
[1.123s] Level 1:colcon.colcon_core.package_identification:_identify(src/simple_arm_description) by extension 'colcon_meta'
[1.123s] Level 1:colcon.colcon_core.package_identification:_identify(src/simple_arm_description) by extensions ['ros']
[1.123s] Level 1:colcon.colcon_core.package_identification:_identify(src/simple_arm_description) by extension 'ros'
[1.132s] DEBUG:colcon.colcon_core.package_identification:Package 'src/simple_arm_description' with type 'ros.ament_cmake' and name 'simple_arm_description'
[1.132s] Level 1:colcon.colcon_core.package_discovery:discover_packages(recursive) using defaults
[1.132s] Level 1:colcon.colcon_core.package_discovery:discover_packages(ignore) discover
[1.132s] Level 1:colcon.colcon_core.package_discovery:discover_packages(ignore) using defaults
[1.132s] Level 1:colcon.colcon_core.package_discovery:discover_packages(path) discover
[1.132s] Level 1:colcon.colcon_core.package_discovery:discover_packages(path) using defaults
[1.226s] Level 1:colcon.colcon_core.package_discovery:discover_packages(prefix_path) check parameters
[1.226s] Level 1:colcon.colcon_core.package_discovery:discover_packages(prefix_path) discover
[1.241s] WARNING:colcon.colcon_ros.prefix_path.ament:The path '/home/saosh/ros2_ws/install/simple_arm_description' in the environment variable AMENT_PREFIX_PATH doesn't exist
[1.242s] WARNING:colcon.colcon_ros.prefix_path.ament:The path '/home/saosh/ros2_ws/install/robot_arm_description' in the environment variable AMENT_PREFIX_PATH doesn't exist
[1.242s] WARNING:colcon.colcon_ros.prefix_path.ament:The path '/home/saosh/ros2_ws/install/my_package' in the environment variable AMENT_PREFIX_PATH doesn't exist
[1.295s] WARNING:colcon.colcon_ros.prefix_path.catkin:The path '/home/saosh/ros2_ws/install/simple_arm_description' in the environment variable CMAKE_PREFIX_PATH doesn't exist
[1.295s] WARNING:colcon.colcon_ros.prefix_path.catkin:The path '/home/saosh/ros2_ws/install/robot_arm_description' in the environment variable CMAKE_PREFIX_PATH doesn't exist
[1.300s] DEBUG:colcon.colcon_installed_package_information.package_discovery:Found 0 installed packages in /home/saosh/ros2_ws/install
[1.556s] DEBUG:colcon.colcon_installed_package_information.package_discovery:Found 1 installed packages in /mnt/c/Users/saosh/OneDrive - UW/Andy/ros2_ws/install
[1.566s] DEBUG:colcon.colcon_installed_package_information.package_discovery:Found 369 installed packages in /opt/ros/jazzy
[1.570s] Level 1:colcon.colcon_core.package_discovery:discover_packages(prefix_path) using defaults
[1.734s] Level 5:colcon.colcon_core.verb:set package 'simple_arm_description' build argument 'cmake_args' from command line to 'None'
[1.734s] Level 5:colcon.colcon_core.verb:set package 'simple_arm_description' build argument 'cmake_target' from command line to 'None'
[1.734s] Level 5:colcon.colcon_core.verb:set package 'simple_arm_description' build argument 'cmake_target_skip_unavailable' from command line to 'False'
[1.734s] Level 5:colcon.colcon_core.verb:set package 'simple_arm_description' build argument 'cmake_clean_cache' from command line to 'False'
[1.734s] Level 5:colcon.colcon_core.verb:set package 'simple_arm_description' build argument 'cmake_clean_first' from command line to 'False'
[1.734s] Level 5:colcon.colcon_core.verb:set package 'simple_arm_description' build argument 'cmake_force_configure' from command line to 'False'
[1.734s] Level 5:colcon.colcon_core.verb:set package 'simple_arm_description' build argument 'ament_cmake_args' from command line to 'None'
[1.734s] Level 5:colcon.colcon_core.verb:set package 'simple_arm_description' build argument 'catkin_cmake_args' from command line to 'None'
[1.735s] Level 5:colcon.colcon_core.verb:set package 'simple_arm_description' build argument 'catkin_skip_building_tests' from command line to 'False'
[1.735s] DEBUG:colcon.colcon_core.verb:Building package 'simple_arm_description' with the following arguments: {'ament_cmake_args': None, 'build_base': '/home/saosh/ros2_ws/build/simple_arm_description', 'catkin_cmake_args': None, 'catkin_skip_building_tests': False, 'cmake_args': None, 'cmake_clean_cache': False, 'cmake_clean_first': False, 'cmake_force_configure': False, 'cmake_target': None, 'cmake_target_skip_unavailable': False, 'install_base': '/home/saosh/ros2_ws/install/simple_arm_description', 'merge_install': False, 'path': '/home/saosh/ros2_ws/src/simple_arm_description', 'symlink_install': True, 'test_result_base': None}
[1.735s] INFO:colcon.colcon_core.executor:Executing jobs using 'parallel' executor
[1.741s] DEBUG:colcon.colcon_parallel_executor.executor.parallel:run_until_complete
[1.742s] INFO:colcon.colcon_ros.task.ament_cmake.build:Building ROS package in '/home/saosh/ros2_ws/src/simple_arm_description' with build type 'ament_cmake'
[1.742s] INFO:colcon.colcon_cmake.task.cmake.build:Building CMake package in '/home/saosh/ros2_ws/src/simple_arm_description'
[1.756s] INFO:colcon.colcon_core.plugin_system:Skipping extension 'colcon_core.shell.bat': Not used on non-Windows systems
[1.756s] INFO:colcon.colcon_core.shell:Skip shell extension 'powershell' for command environment: Not usable outside of PowerShell
[1.756s] DEBUG:colcon.colcon_core.shell:Skip shell extension 'dsv' for command environment
[2.292s] DEBUG:colcon.colcon_core.event_handler.log_command:Invoking command in '/home/saosh/ros2_ws/build/simple_arm_description': CMAKE_PREFIX_PATH=${CMAKE_PREFIX_PATH}:/home/saosh/ros2_ws/install/my_package:/mnt/c/Users/saosh/OneDrive - UW/Andy/ros2_ws/install/simple_arm_description:/opt/ros/jazzy DEBUGINFOD_URLS=https://debuginfod.ubuntu.com /usr/bin/cmake /home/saosh/ros2_ws/src/simple_arm_description -DAMENT_CMAKE_SYMLINK_INSTALL=1 -DCMAKE_INSTALL_PREFIX=/home/saosh/ros2_ws/install/simple_arm_description
[21.076s] DEBUG:colcon.colcon_core.event_handler.log_command:Invoked command in '/home/saosh/ros2_ws/build/simple_arm_description' returned '0': CMAKE_PREFIX_PATH=${CMAKE_PREFIX_PATH}:/home/saosh/ros2_ws/install/my_package:/mnt/c/Users/saosh/OneDrive - UW/Andy/ros2_ws/install/simple_arm_description:/opt/ros/jazzy DEBUGINFOD_URLS=https://debuginfod.ubuntu.com /usr/bin/cmake /home/saosh/ros2_ws/src/simple_arm_description -DAMENT_CMAKE_SYMLINK_INSTALL=1 -DCMAKE_INSTALL_PREFIX=/home/saosh/ros2_ws/install/simple_arm_description
[21.079s] DEBUG:colcon.colcon_core.event_handler.log_command:Invoking command in '/home/saosh/ros2_ws/build/simple_arm_description': CMAKE_PREFIX_PATH=${CMAKE_PREFIX_PATH}:/home/saosh/ros2_ws/install/my_package:/mnt/c/Users/saosh/OneDrive - UW/Andy/ros2_ws/install/simple_arm_description:/opt/ros/jazzy DEBUGINFOD_URLS=https://debuginfod.ubuntu.com /usr/bin/cmake --build /home/saosh/ros2_ws/build/simple_arm_description -- -j22 -l22
[21.149s] DEBUG:colcon.colcon_core.event_handler.log_command:Invoked command in '/home/saosh/ros2_ws/build/simple_arm_description' returned '0': CMAKE_PREFIX_PATH=${CMAKE_PREFIX_PATH}:/home/saosh/ros2_ws/install/my_package:/mnt/c/Users/saosh/OneDrive - UW/Andy/ros2_ws/install/simple_arm_description:/opt/ros/jazzy DEBUGINFOD_URLS=https://debuginfod.ubuntu.com /usr/bin/cmake --build /home/saosh/ros2_ws/build/simple_arm_description -- -j22 -l22
[21.166s] DEBUG:colcon.colcon_core.event_handler.log_command:Invoking command in '/home/saosh/ros2_ws/build/simple_arm_description': CMAKE_PREFIX_PATH=${CMAKE_PREFIX_PATH}:/home/saosh/ros2_ws/install/my_package:/mnt/c/Users/saosh/OneDrive - UW/Andy/ros2_ws/install/simple_arm_description:/opt/ros/jazzy DEBUGINFOD_URLS=https://debuginfod.ubuntu.com /usr/bin/cmake --install /home/saosh/ros2_ws/build/simple_arm_description
[21.473s] Level 1:colcon.colcon_core.environment:create_environment_scripts_only(simple_arm_description)
[21.475s] DEBUG:colcon.colcon_core.event_handler.log_command:Invoked command in '/home/saosh/ros2_ws/build/simple_arm_description' returned '0': CMAKE_PREFIX_PATH=${CMAKE_PREFIX_PATH}:/home/saosh/ros2_ws/install/my_package:/mnt/c/Users/saosh/OneDrive - UW/Andy/ros2_ws/install/simple_arm_description:/opt/ros/jazzy DEBUGINFOD_URLS=https://debuginfod.ubuntu.com /usr/bin/cmake --install /home/saosh/ros2_ws/build/simple_arm_description
[21.487s] Level 1:colcon.colcon_core.environment:checking '/home/saosh/ros2_ws/install/simple_arm_description' for CMake module files
[21.487s] Level 1:colcon.colcon_core.environment:checking '/home/saosh/ros2_ws/install/simple_arm_description' for CMake config files
[21.488s] Level 1:colcon.colcon_core.shell:create_environment_hook('simple_arm_description', 'cmake_prefix_path')
[21.488s] INFO:colcon.colcon_core.shell:Creating environment hook '/home/saosh/ros2_ws/install/simple_arm_description/share/simple_arm_description/hook/cmake_prefix_path.ps1'
[21.490s] INFO:colcon.colcon_core.shell:Creating environment descriptor '/home/saosh/ros2_ws/install/simple_arm_description/share/simple_arm_description/hook/cmake_prefix_path.dsv'
[21.491s] INFO:colcon.colcon_core.shell:Creating environment hook '/home/saosh/ros2_ws/install/simple_arm_description/share/simple_arm_description/hook/cmake_prefix_path.sh'
[21.492s] Level 1:colcon.colcon_core.environment:checking '/home/saosh/ros2_ws/install/simple_arm_description/bin'
[21.492s] Level 1:colcon.colcon_core.environment:checking '/home/saosh/ros2_ws/install/simple_arm_description/lib/pkgconfig/simple_arm_description.pc'
[21.492s] Level 1:colcon.colcon_core.environment:checking '/home/saosh/ros2_ws/install/simple_arm_description/lib/python3.12/site-packages'
[21.493s] Level 1:colcon.colcon_core.environment:checking '/home/saosh/ros2_ws/install/simple_arm_description/bin'
[21.493s] INFO:colcon.colcon_core.shell:Creating package script '/home/saosh/ros2_ws/install/simple_arm_description/share/simple_arm_description/package.ps1'
[21.494s] INFO:colcon.colcon_core.shell:Creating package descriptor '/home/saosh/ros2_ws/install/simple_arm_description/share/simple_arm_description/package.dsv'
[21.495s] INFO:colcon.colcon_core.shell:Creating package script '/home/saosh/ros2_ws/install/simple_arm_description/share/simple_arm_description/package.sh'
[21.497s] INFO:colcon.colcon_core.shell:Creating package script '/home/saosh/ros2_ws/install/simple_arm_description/share/simple_arm_description/package.bash'
[21.498s] INFO:colcon.colcon_core.shell:Creating package script '/home/saosh/ros2_ws/install/simple_arm_description/share/simple_arm_description/package.zsh'
[21.499s] Level 1:colcon.colcon_core.environment:create_file_with_runtime_dependencies(/home/saosh/ros2_ws/install/simple_arm_description/share/colcon-core/packages/simple_arm_description)
[21.501s] Level 1:colcon.colcon_core.environment:create_environment_scripts_only(simple_arm_description)
[21.501s] Level 1:colcon.colcon_core.environment:checking '/home/saosh/ros2_ws/install/simple_arm_description' for CMake module files
[21.502s] Level 1:colcon.colcon_core.environment:checking '/home/saosh/ros2_ws/install/simple_arm_description' for CMake config files
[21.502s] Level 1:colcon.colcon_core.shell:create_environment_hook('simple_arm_description', 'cmake_prefix_path')
[21.502s] INFO:colcon.colcon_core.shell:Creating environment hook '/home/saosh/ros2_ws/install/simple_arm_description/share/simple_arm_description/hook/cmake_prefix_path.ps1'
[21.503s] INFO:colcon.colcon_core.shell:Creating environment descriptor '/home/saosh/ros2_ws/install/simple_arm_description/share/simple_arm_description/hook/cmake_prefix_path.dsv'
[21.503s] INFO:colcon.colcon_core.shell:Creating environment hook '/home/saosh/ros2_ws/install/simple_arm_description/share/simple_arm_description/hook/cmake_prefix_path.sh'
[21.504s] Level 1:colcon.colcon_core.environment:checking '/home/saosh/ros2_ws/install/simple_arm_description/bin'
[21.504s] Level 1:colcon.colcon_core.environment:checking '/home/saosh/ros2_ws/install/simple_arm_description/lib/pkgconfig/simple_arm_description.pc'
[21.504s] Level 1:colcon.colcon_core.environment:checking '/home/saosh/ros2_ws/install/simple_arm_description/lib/python3.12/site-packages'
[21.505s] Level 1:colcon.colcon_core.environment:checking '/home/saosh/ros2_ws/install/simple_arm_description/bin'
[21.505s] INFO:colcon.colcon_core.shell:Creating package script '/home/saosh/ros2_ws/install/simple_arm_description/share/simple_arm_description/package.ps1'
[21.505s] INFO:colcon.colcon_core.shell:Creating package descriptor '/home/saosh/ros2_ws/install/simple_arm_description/share/simple_arm_description/package.dsv'
[21.506s] INFO:colcon.colcon_core.shell:Creating package script '/home/saosh/ros2_ws/install/simple_arm_description/share/simple_arm_description/package.sh'
[21.506s] INFO:colcon.colcon_core.shell:Creating package script '/home/saosh/ros2_ws/install/simple_arm_description/share/simple_arm_description/package.bash'
[21.507s] INFO:colcon.colcon_core.shell:Creating package script '/home/saosh/ros2_ws/install/simple_arm_description/share/simple_arm_description/package.zsh'
[21.507s] Level 1:colcon.colcon_core.environment:create_file_with_runtime_dependencies(/home/saosh/ros2_ws/install/simple_arm_description/share/colcon-core/packages/simple_arm_description)
[21.508s] DEBUG:colcon.colcon_parallel_executor.executor.parallel:closing loop
[21.509s] DEBUG:colcon.colcon_parallel_executor.executor.parallel:loop closed
[21.509s] DEBUG:colcon.colcon_parallel_executor.executor.parallel:run_until_complete finished with '0'
[21.509s] DEBUG:colcon.colcon_core.event_reactor:joining thread
[21.636s] INFO:colcon.colcon_core.plugin_system:Skipping extension 'colcon_notification.desktop_notification.notify_send': Could not find 'notify-send'
[21.637s] INFO:colcon.colcon_core.plugin_system:Skipping extension 'colcon_notification.desktop_notification.terminal_notifier': Not used on non-Darwin systems
[21.637s] INFO:colcon.colcon_core.plugin_system:Skipping extension 'colcon_notification.desktop_notification.win32': Not used on non-Windows systems
[21.637s] INFO:colcon.colcon_notification.desktop_notification:Sending desktop notification using 'notify2'
[21.656s] DEBUG:colcon.colcon_notification.desktop_notification.notify2:Failed to initialize notify2: org.freedesktop.DBus.Error.ServiceUnknown: The name org.freedesktop.Notifications was not provided by any .service files
[21.657s] DEBUG:colcon.colcon_core.event_reactor:joined thread
[21.657s] INFO:colcon.colcon_core.shell:Creating prefix script '/home/saosh/ros2_ws/install/local_setup.ps1'
[21.659s] INFO:colcon.colcon_core.shell:Creating prefix util module '/home/saosh/ros2_ws/install/_local_setup_util_ps1.py'
[21.661s] INFO:colcon.colcon_core.shell:Creating prefix chain script '/home/saosh/ros2_ws/install/setup.ps1'
[21.705s] INFO:colcon.colcon_core.shell:Creating prefix script '/home/saosh/ros2_ws/install/local_setup.sh'
[21.706s] INFO:colcon.colcon_core.shell:Creating prefix util module '/home/saosh/ros2_ws/install/_local_setup_util_sh.py'
[21.707s] INFO:colcon.colcon_core.shell:Creating prefix chain script '/home/saosh/ros2_ws/install/setup.sh'
[21.745s] INFO:colcon.colcon_core.shell:Creating prefix script '/home/saosh/ros2_ws/install/local_setup.bash'
[21.746s] INFO:colcon.colcon_core.shell:Creating prefix chain script '/home/saosh/ros2_ws/install/setup.bash'
[21.785s] INFO:colcon.colcon_core.shell:Creating prefix script '/home/saosh/ros2_ws/install/local_setup.zsh'
[21.786s] INFO:colcon.colcon_core.shell:Creating prefix chain script '/home/saosh/ros2_ws/install/setup.zsh'
