[0.000000] (-) TimerEvent: {}
[0.000467] (simple_arm_description) JobQueued: {'identifier': 'simple_arm_description', 'dependencies': OrderedDict()}
[0.000815] (simple_arm_description) JobStarted: {'identifier': 'simple_arm_description'}
[0.022799] (simple_arm_description) JobProgress: {'identifier': 'simple_arm_description', 'progress': 'cmake'}
[0.027383] (simple_arm_description) JobProgress: {'identifier': 'simple_arm_description', 'progress': 'build'}
[0.027460] (simple_arm_description) Command: {'cmd': ['/usr/bin/cmake', '--build', '/home/saosh/ros2_ws/build/simple_arm_description', '--', '-j22', '-l22'], 'cwd': '/home/saosh/ros2_ws/build/simple_arm_description', 'env': OrderedDict({'USER': 'saosh', 'SHLVL': '1', 'HOME': '/home/saosh', 'OLDPWD': '/home/saosh', 'DBUS_SESSION_BUS_ADDRESS': 'unix:path=/run/user/1000/bus', 'WSL_DISTRO_NAME': 'Ubuntu', 'DEBUGINFOD_URLS': 'https://debuginfod.ubuntu.com', 'WAYLAND_DISPLAY': 'wayland-0', 'LOGNAME': 'saosh', 'NAME': 'SaoTiptop', 'WSL_INTEROP': '/run/WSL/521_interop', 'PULSE_SERVER': 'unix:/mnt/wslg/PulseServer', '_': '/usr/bin/colcon', 'TERM': 'xterm-256color', 'PATH': '/home/saosh/flutter/bin:/usr/local/sbin:/usr/local/bin:/usr/sbin:/usr/bin:/sbin:/bin:/usr/games:/usr/local/games:/usr/lib/wsl/lib:/mnt/c/Program Files/WindowsApps/MicrosoftCorporationII.WindowsSubsystemForLinux_2.5.10.0_x64__8wekyb3d8bbwe:/mnt/c/Program Files/Eclipse Adoptium/jdk-25.0.1.8-hotspot/bin:/mnt/c/Python313/Scripts/:/mnt/c/Python313/:/mnt/c/Windows/system32:/mnt/c/Windows:/mnt/c/Windows/System32/Wbem:/mnt/c/Windows/System32/WindowsPowerShell/v1.0/:/mnt/c/Windows/System32/OpenSSH/:/mnt/c/Program Files (x86)/NVIDIA Corporation/PhysX/Common:/mnt/c/Program Files/dotnet/:/mnt/c/Program Files/NVIDIA Corporation/NVIDIA NvDLISR:/mnt/c/Program Files/nodejs/:/mnt/c/ProgramData/chocolatey/bin:/mnt/c/Program Files/Git/cmd:/mnt/c/Program Files/GitHub CLI/:/mnt/c/Users/saosh/AppData/Local/Programs/Python/Python311/Scripts/:/mnt/c/Users/saosh/AppData/Local/Programs/Python/Python311/:/mnt/c/Users/saosh/AppData/Local/Microsoft/WindowsApps:/mnt/c/Users/saosh/AppData/Local/Programs/Microsoft VS Code/bin:/mnt/c/Users/saosh/AppData/Roaming/npm:/mnt/c/Users/saosh/AppData/Local/GitHubDesktop/bin:/mnt/c/Users/saosh/Desktop/flutter/bin:/snap/bin', 'XDG_RUNTIME_DIR': '/run/user/1000/', 'DISPLAY': ':0', 'LANG': 'en_US.UTF-8', 'SHELL': '/bin/bash', 'PWD': '/home/saosh/ros2_ws/build/simple_arm_description', 'XDG_DATA_DIRS': '/usr/local/share:/usr/share:/var/lib/snapd/desktop', 'COLCON': '1', 'WSL2_GUI_APPS_ENABLED': '1', 'HOSTTYPE': 'x86_64', 'WSLENV': ''}), 'shell': False}
[0.098309] (-) TimerEvent: {}
[0.199026] (-) TimerEvent: {}
[0.237182] (simple_arm_description) CommandEnded: {'returncode': 0}
[0.243143] (simple_arm_description) JobProgress: {'identifier': 'simple_arm_description', 'progress': 'install'}
[0.257169] (simple_arm_description) Command: {'cmd': ['/usr/bin/cmake', '--install', '/home/saosh/ros2_ws/build/simple_arm_description'], 'cwd': '/home/saosh/ros2_ws/build/simple_arm_description', 'env': OrderedDict({'USER': 'saosh', 'SHLVL': '1', 'HOME': '/home/saosh', 'OLDPWD': '/home/saosh', 'DBUS_SESSION_BUS_ADDRESS': 'unix:path=/run/user/1000/bus', 'WSL_DISTRO_NAME': 'Ubuntu', 'DEBUGINFOD_URLS': 'https://debuginfod.ubuntu.com', 'WAYLAND_DISPLAY': 'wayland-0', 'LOGNAME': 'saosh', 'NAME': 'SaoTiptop', 'WSL_INTEROP': '/run/WSL/521_interop', 'PULSE_SERVER': 'unix:/mnt/wslg/PulseServer', '_': '/usr/bin/colcon', 'TERM': 'xterm-256color', 'PATH': '/home/saosh/flutter/bin:/usr/local/sbin:/usr/local/bin:/usr/sbin:/usr/bin:/sbin:/bin:/usr/games:/usr/local/games:/usr/lib/wsl/lib:/mnt/c/Program Files/WindowsApps/MicrosoftCorporationII.WindowsSubsystemForLinux_2.5.10.0_x64__8wekyb3d8bbwe:/mnt/c/Program Files/Eclipse Adoptium/jdk-25.0.1.8-hotspot/bin:/mnt/c/Python313/Scripts/:/mnt/c/Python313/:/mnt/c/Windows/system32:/mnt/c/Windows:/mnt/c/Windows/System32/Wbem:/mnt/c/Windows/System32/WindowsPowerShell/v1.0/:/mnt/c/Windows/System32/OpenSSH/:/mnt/c/Program Files (x86)/NVIDIA Corporation/PhysX/Common:/mnt/c/Program Files/dotnet/:/mnt/c/Program Files/NVIDIA Corporation/NVIDIA NvDLISR:/mnt/c/Program Files/nodejs/:/mnt/c/ProgramData/chocolatey/bin:/mnt/c/Program Files/Git/cmd:/mnt/c/Program Files/GitHub CLI/:/mnt/c/Users/saosh/AppData/Local/Programs/Python/Python311/Scripts/:/mnt/c/Users/saosh/AppData/Local/Programs/Python/Python311/:/mnt/c/Users/saosh/AppData/Local/Microsoft/WindowsApps:/mnt/c/Users/saosh/AppData/Local/Programs/Microsoft VS Code/bin:/mnt/c/Users/saosh/AppData/Roaming/npm:/mnt/c/Users/saosh/AppData/Local/GitHubDesktop/bin:/mnt/c/Users/saosh/Desktop/flutter/bin:/snap/bin', 'XDG_RUNTIME_DIR': '/run/user/1000/', 'DISPLAY': ':0', 'LANG': 'en_US.UTF-8', 'SHELL': '/bin/bash', 'PWD': '/home/saosh/ros2_ws/build/simple_arm_description', 'XDG_DATA_DIRS': '/usr/local/share:/usr/share:/var/lib/snapd/desktop', 'COLCON': '1', 'WSL2_GUI_APPS_ENABLED': '1', 'HOSTTYPE': 'x86_64', 'WSLENV': ''}), 'shell': False}
[0.268890] (simple_arm_description) StdoutLine: {'line': b'-- Install configuration: ""\n'}
[0.271875] (simple_arm_description) StdoutLine: {'line': b'-- Execute custom install script\n'}
[0.279746] (simple_arm_description) StdoutLine: {'line': b'-- Up-to-date symlink: /home/saosh/ros2_ws/install/simple_arm_description/share/simple_arm_description/config/controllers.yaml\n'}
[0.281871] (simple_arm_description) StdoutLine: {'line': b'-- Up-to-date symlink: /home/saosh/ros2_ws/install/simple_arm_description/share/simple_arm_description/launch/display.launch.py\n'}
[0.285199] (simple_arm_description) StdoutLine: {'line': b'-- Up-to-date symlink: /home/saosh/ros2_ws/install/simple_arm_description/share/simple_arm_description/rviz/simple_arm.rviz\n'}
[0.288386] (simple_arm_description) StdoutLine: {'line': b'-- Up-to-date symlink: /home/saosh/ros2_ws/install/simple_arm_description/share/simple_arm_description/urdf/simple_arm.urdf\n'}
[0.289540] (simple_arm_description) StdoutLine: {'line': b'-- Up-to-date symlink: /home/saosh/ros2_ws/install/simple_arm_description/share/simple_arm_description/urdf/simple_arm_ros2_control.xacro\n'}
[0.292912] (simple_arm_description) StdoutLine: {'line': b'-- Up-to-date symlink: /home/saosh/ros2_ws/install/simple_arm_description/share/ament_index/resource_index/package_run_dependencies/simple_arm_description\n'}
[0.294152] (simple_arm_description) StdoutLine: {'line': b'-- Up-to-date symlink: /home/saosh/ros2_ws/install/simple_arm_description/share/ament_index/resource_index/parent_prefix_path/simple_arm_description\n'}
[0.295714] (simple_arm_description) StdoutLine: {'line': b'-- Up-to-date symlink: /home/saosh/ros2_ws/install/simple_arm_description/share/simple_arm_description/environment/ament_prefix_path.sh\n'}
[0.296703] (simple_arm_description) StdoutLine: {'line': b'-- Up-to-date symlink: /home/saosh/ros2_ws/install/simple_arm_description/share/simple_arm_description/environment/ament_prefix_path.dsv\n'}
[0.297738] (simple_arm_description) StdoutLine: {'line': b'-- Up-to-date symlink: /home/saosh/ros2_ws/install/simple_arm_description/share/simple_arm_description/environment/path.sh\n'}
[0.298626] (simple_arm_description) StdoutLine: {'line': b'-- Up-to-date symlink: /home/saosh/ros2_ws/install/simple_arm_description/share/simple_arm_description/environment/path.dsv\n'}
[0.299185] (-) TimerEvent: {}
[0.299478] (simple_arm_description) StdoutLine: {'line': b'-- Up-to-date symlink: /home/saosh/ros2_ws/install/simple_arm_description/share/simple_arm_description/local_setup.bash\n'}
[0.300053] (simple_arm_description) StdoutLine: {'line': b'-- Up-to-date symlink: /home/saosh/ros2_ws/install/simple_arm_description/share/simple_arm_description/local_setup.sh\n'}
[0.300950] (simple_arm_description) StdoutLine: {'line': b'-- Up-to-date symlink: /home/saosh/ros2_ws/install/simple_arm_description/share/simple_arm_description/local_setup.zsh\n'}
[0.301817] (simple_arm_description) StdoutLine: {'line': b'-- Up-to-date symlink: /home/saosh/ros2_ws/install/simple_arm_description/share/simple_arm_description/local_setup.dsv\n'}
[0.302157] (simple_arm_description) StdoutLine: {'line': b'-- Symlinking: /home/saosh/ros2_ws/install/simple_arm_description/share/simple_arm_description/package.dsv\n'}
[0.317424] (simple_arm_description) StdoutLine: {'line': b'-- Up-to-date symlink: /home/saosh/ros2_ws/install/simple_arm_description/share/ament_index/resource_index/packages/simple_arm_description\n'}
[0.318516] (simple_arm_description) StdoutLine: {'line': b'-- Up-to-date symlink: /home/saosh/ros2_ws/install/simple_arm_description/share/simple_arm_description/cmake/simple_arm_descriptionConfig.cmake\n'}
[0.319604] (simple_arm_description) StdoutLine: {'line': b'-- Up-to-date symlink: /home/saosh/ros2_ws/install/simple_arm_description/share/simple_arm_description/cmake/simple_arm_descriptionConfig-version.cmake\n'}
[0.320085] (simple_arm_description) StdoutLine: {'line': b'-- Up-to-date symlink: /home/saosh/ros2_ws/install/simple_arm_description/share/simple_arm_description/package.xml\n'}
[0.323781] (simple_arm_description) CommandEnded: {'returncode': 0}
[0.383218] (simple_arm_description) JobEnded: {'identifier': 'simple_arm_description', 'rc': 0}
[0.385450] (-) EventReactorShutdown: {}
